[debug] ----------------------------------------------------------------------
[debug] Command:      node /usr/local/bin/firebase serve
[debug] CLI Version:  3.0.2
[debug] Platform:     darwin
[debug] Node Version: v0.10.32
[debug] Time:         Thu Sep 22 2016 21:04:25 GMT-0400 (EDT)
[debug] ----------------------------------------------------------------------
[debug] 
[info] Starting Firebase development server...
[info] 
[info] Project Directory: /Users/jeremyvoltz/Documents/firebase
[info] Public Directory: ./public
[info] 
[info] Server listening at: http://localhost:5000
[debug] ----------------------------------------------------------------------
[debug] Command:      node /usr/local/bin/firebase serve
[debug] CLI Version:  3.0.2
[debug] Platform:     darwin
[debug] Node Version: v0.10.32
[debug] Time:         Mon Sep 26 2016 16:10:47 GMT-0400 (EDT)
[debug] ----------------------------------------------------------------------
[debug] 
[info] Starting Firebase development server...
[info] 
[info] Project Directory: /Users/jeremyvoltz/Documents/firebase
[info] Public Directory: ./public
[info] 
[info] Server listening at: http://localhost:5000
